<?xml version="1.0" encoding="UTF-8"?>
<!-- Generated by org.testng.reporters.JUnitXMLReporter -->
<testsuite hostname="DESKTOP-506J5VT" name="Default test" tests="3" failures="0" timestamp="28 Jun 2021 15:26:16 GMT" time="39.273" errors="0">
  <testcase name="test1" time="17.464" classname="utils.ExcelDataProvider"/>
  <testcase name="test1" time="8.456" classname="utils.ExcelDataProvider"/>
  <testcase name="test1" time="9.134" classname="utils.ExcelDataProvider"/>
</testsuite> <!-- Default test -->
