<?xml version="1.0" encoding="UTF-8"?>
<testng-results skipped="0" failed="0" total="1" passed="1">
  <reporter-output>
  </reporter-output>
  <suite name="Default suite" duration-ms="8524" started-at="2021-06-17T15:24:46Z" finished-at="2021-06-17T15:24:55Z">
    <groups>
    </groups>
    <test name="Default test" duration-ms="8524" started-at="2021-06-17T15:24:46Z" finished-at="2021-06-17T15:24:55Z">
      <class name="ToolsQATestcases.loginTestCases">
        <test-method status="PASS" signature="setUp()[pri:0, instance:ToolsQATestcases.loginTestCases@2ef5e5e3]" name="setUp" is-config="true" duration-ms="7716" started-at="2021-06-17T20:54:46Z" finished-at="2021-06-17T20:54:54Z">
          <reporter-output>
          </reporter-output>
        </test-method> <!-- setUp -->
        <test-method status="PASS" signature="userInfo()[pri:0, instance:ToolsQATestcases.loginTestCases@2ef5e5e3]" name="userInfo" duration-ms="778" started-at="2021-06-17T20:54:54Z" finished-at="2021-06-17T20:54:55Z">
          <reporter-output>
          </reporter-output>
        </test-method> <!-- userInfo -->
      </class> <!-- ToolsQATestcases.loginTestCases -->
    </test> <!-- Default test -->
  </suite> <!-- Default suite -->
</testng-results>
