<?xml version="1.0" encoding="UTF-8"?>
<testng-results skipped="0" failed="0" total="3" passed="3">
  <reporter-output>
  </reporter-output>
  <suite name="Default suite" duration-ms="39273" started-at="2021-06-28T15:25:36Z" finished-at="2021-06-28T15:26:16Z">
    <groups>
    </groups>
    <test name="Default test" duration-ms="39273" started-at="2021-06-28T15:25:36Z" finished-at="2021-06-28T15:26:16Z">
      <class name="utils.ExcelDataProvider">
        <test-method status="PASS" signature="setUp()[pri:0, instance:utils.ExcelDataProvider@5bcab519]" name="setUp" is-config="true" duration-ms="2812" started-at="2021-06-28T20:55:36Z" finished-at="2021-06-28T20:55:39Z">
          <reporter-output>
          </reporter-output>
        </test-method> <!-- setUp -->
        <test-method status="PASS" signature="test1(java.lang.String, java.lang.String)[pri:0, instance:utils.ExcelDataProvider@5bcab519]" name="test1" duration-ms="17464" started-at="2021-06-28T20:55:40Z" data-provider="test1data" finished-at="2021-06-28T20:55:58Z">
          <params>
            <param index="0">
              <value>
                <![CDATA[Digvijaydhotre]]>
              </value>
            </param>
            <param index="1">
              <value>
                <![CDATA[Dig]]>
              </value>
            </param>
          </params>
          <reporter-output>
          </reporter-output>
        </test-method> <!-- test1 -->
        <test-method status="PASS" signature="test1(java.lang.String, java.lang.String)[pri:0, instance:utils.ExcelDataProvider@5bcab519]" name="test1" duration-ms="8456" started-at="2021-06-28T20:55:58Z" data-provider="test1data" finished-at="2021-06-28T20:56:06Z">
          <params>
            <param index="0">
              <value>
                <![CDATA[Ajay]]>
              </value>
            </param>
            <param index="1">
              <value>
                <![CDATA[ajay]]>
              </value>
            </param>
          </params>
          <reporter-output>
          </reporter-output>
        </test-method> <!-- test1 -->
        <test-method status="PASS" signature="test1(java.lang.String, java.lang.String)[pri:0, instance:utils.ExcelDataProvider@5bcab519]" name="test1" duration-ms="9134" started-at="2021-06-28T20:56:06Z" data-provider="test1data" finished-at="2021-06-28T20:56:16Z">
          <params>
            <param index="0">
              <value>
                <![CDATA[Admin]]>
              </value>
            </param>
            <param index="1">
              <value>
                <![CDATA[Admin]]>
              </value>
            </param>
          </params>
          <reporter-output>
          </reporter-output>
        </test-method> <!-- test1 -->
      </class> <!-- utils.ExcelDataProvider -->
    </test> <!-- Default test -->
  </suite> <!-- Default suite -->
</testng-results>
